 ------------- USUARIO --------------------
anastasia No se encuentra en el sistema
el directorio de anastasia No existe
el usuario anastasia ha sido creado
 ------------- USUARIO --------------------
anastasia se encuentra en el sistema
 ------------- USUARIO --------------------
anastasia se encuentra en el sistema
 ------------- USUARIO --------------------
anastasia se encuentra en el sistema
 ------------- USUARIO --------------------
anastasia No se encuentra en el sistema
el directorio de anastasia No existe
el usuario anastasia ha sido creado
 ------------- USUARIO --------------------
maria No se encuentra en el sistema
el directorio de maria No existe
el usuario maria ha sido creado
 ------------- USUARIO --------------------
maria No se encuentra en el sistema
el directorio de maria No existe
el usuario maria ha sido creado
 ------------- USUARIO --------------------
maria No se encuentra en el sistema
el directorio de maria No existe
el usuario maria ha sido creado
 ------------- USUARIO --------------------
maria No se encuentra en el sistema
el directorio de maria No existe
el usuario maria ha sido creado
 ------------- USUARIO --------------------
maria No se encuentra en el sistema
el directorio de maria No existe
el usuario maria ha sido creado
